#
# A fatal error has been detected by the Java Runtime Environment:
#
#  EXCEPTION_ACCESS_VIOLATION (0xc0000005) at pc=0x0000000007905630, pid=7272, tid=0x0000000000001c0c
#
# JRE version: Java(TM) SE Runtime Environment (8.0_181-b13) (build 1.8.0_181-b13)
# Java VM: Dynamic Code Evolution 64-Bit Server VM (25.71-b01-dcevmlight-26 mixed mode windows-amd64 compressed oops)
# Problematic frame:
# V  [jvm.dll+0x45630]
#
# Failed to write core dump. Minidumps are not enabled by default on client versions of Windows
#
# If you would like to submit a bug report, please visit:
#   https://github.com/dcevm/dcevm/issues
#

---------------  T H R E A D  ---------------

Current thread (0x00000000045f6800):  VMThread [stack: 0x00000000047a0000,0x00000000048a0000] [id=7180]

siginfo: ExceptionCode=0xc0000005, reading address 0x0000000000000040

Registers:
RAX=0x0000000000000040, RBX=0x000000000489f5d0, RCX=0x0000000000000000, RDX=0x000000003dbf0040
RSP=0x000000000489f438, RBP=0x000000000489f639, RSI=0x0000000007af8d20, RDI=0x00000007c1a71958
R8 =0x0000000000193e7d, R9 =0x0000000001000000, R10=0x0000000000000000, R11=0x000000000489f438
R12=0x0000000000000000, R13=0x000000000249dcb0, R14=0x0000000000000001, R15=0x0000000000000000
RIP=0x0000000007905630, EFLAGS=0x0000000000010202

Top of Stack: (sp=0x000000000489f438)
0x000000000489f438:   0000000007af895f 00000000045f6800
0x000000000489f448:   c80ccecc06000000 00000007c1a71b78
0x000000000489f458:   00000007c1a71b78 00000000224478b0
0x000000000489f468:   0000000007af8d39 00000007c1a71958
0x000000000489f478:   0000000007af8d20 0000000000000000
0x000000000489f488:   000000000489f5d0 000000000489f600
0x000000000489f498:   00000000078fe685 0000000000000004
0x000000000489f4a8:   0000000000000000 0000000000000000
0x000000000489f4b8:   000000000489f5d0 000000000489f5d0
0x000000000489f4c8:   0000000007af8e95 000000000489f600
0x000000000489f4d8:   00000000387b68c0 00000000387b68c0
0x000000000489f4e8:   000000000249dcb0 0000000007ec0a68
0x000000000489f4f8:   000000000489f5d0 0000000000000640
0x000000000489f508:   00000000078eb7b6 0000000000000000
0x000000000489f518:   0000000000000007 0000000000000000
0x000000000489f528:   000000000489f6d0 00000000387b68c0 

Instructions: (pc=0x0000000007905630)
0x0000000007905610:   04 08 c3 cc cc cc cc cc cc cc cc cc cc cc cc cc
0x0000000007905620:   80 3d a9 47 78 00 00 48 63 05 ba a7 76 00 74 1e
0x0000000007905630:   8b 14 08 85 d2 75 03 33 c0 c3 8b 0d 08 50 72 00
0x0000000007905640:   48 8b c2 48 d3 e0 48 03 05 f3 4f 72 00 c3 48 8b 


Register to memory mapping:

RAX=0x0000000000000040 is an unknown value
RBX=0x000000000489f5d0 is an unknown value
RCX=0x0000000000000000 is an unknown value
RDX=0x000000003dbf0040 is an unknown value
RSP=0x000000000489f438 is an unknown value
RBP=0x000000000489f639 is an unknown value
RSI=0x0000000007af8d20 is an unknown value
RDI=0x00000007c1a71958 is pointing into metadata
R8 =0x0000000000193e7d is an unknown value
R9 =0x0000000001000000 is an unknown value
R10=0x0000000000000000 is an unknown value
R11=0x000000000489f438 is an unknown value
R12=0x0000000000000000 is an unknown value
R13=0x000000000249dcb0 is an unknown value
R14=0x0000000000000001 is an unknown value
R15=0x0000000000000000 is an unknown value


Stack: [0x00000000047a0000,0x00000000048a0000],  sp=0x000000000489f438,  free space=1021k
Native frames: (J=compiled Java code, j=interpreted, Vv=VM code, C=native code)
V  [jvm.dll+0x45630]

VM_Operation (0x00000000393fbb60): CollectForMetadataAllocation, mode: safepoint, requested by thread 0x000000001edd7800


---------------  P R O C E S S  ---------------

Java Threads: ( => current thread )
  0x000000001edd7800 JavaThread "pool-4-thread-5" [_thread_blocked, id=8060, stack(0x0000000039300000,0x0000000039400000)]
  0x00000000230d4000 JavaThread "pool-4-thread-4" [_thread_blocked, id=7680, stack(0x0000000024910000,0x0000000024a10000)]
  0x00000000230d8800 JavaThread "pool-4-thread-3" [_thread_blocked, id=2340, stack(0x0000000037e10000,0x0000000037f10000)]
  0x0000000017a6a000 JavaThread "pool-4-thread-2" [_thread_blocked, id=5356, stack(0x00000000260d0000,0x00000000261d0000)]
  0x00000000230d5000 JavaThread "pool-4-thread-1" [_thread_blocked, id=7380, stack(0x0000000024a40000,0x0000000024b40000)]
  0x0000000028232800 JavaThread "XNIO-2 task-32" [_thread_blocked, id=2536, stack(0x00000000349e0000,0x0000000034ae0000)]
  0x0000000028232000 JavaThread "XNIO-2 task-31" [_thread_blocked, id=8256, stack(0x0000000032c90000,0x0000000032d90000)]
  0x0000000028231000 JavaThread "XNIO-2 task-30" [_thread_blocked, id=9092, stack(0x0000000035050000,0x0000000035150000)]
  0x0000000028230800 JavaThread "XNIO-2 task-29" [_thread_blocked, id=8684, stack(0x0000000035590000,0x0000000035690000)]
  0x000000002822f800 JavaThread "XNIO-2 task-28" [_thread_blocked, id=8872, stack(0x00000000356b0000,0x00000000357b0000)]
  0x000000002822f000 JavaThread "XNIO-2 task-27" [_thread_blocked, id=8944, stack(0x0000000035460000,0x0000000035560000)]
  0x000000002822e000 JavaThread "XNIO-2 task-26" [_thread_blocked, id=8048, stack(0x0000000035250000,0x0000000035350000)]
  0x000000002822d800 JavaThread "XNIO-2 task-25" [_thread_blocked, id=7928, stack(0x0000000035360000,0x0000000035460000)]
  0x000000002822c800 JavaThread "XNIO-2 task-24" [_thread_blocked, id=6224, stack(0x0000000035150000,0x0000000035250000)]
  0x000000002822c000 JavaThread "XNIO-2 task-23" [_thread_blocked, id=7980, stack(0x0000000034140000,0x0000000034240000)]
  0x000000001ac93000 JavaThread "XNIO-2 task-22" [_thread_blocked, id=8876, stack(0x0000000034f10000,0x0000000035010000)]
  0x000000001ac92800 JavaThread "XNIO-2 task-21" [_thread_blocked, id=6944, stack(0x0000000034bf0000,0x0000000034cf0000)]
  0x000000001ac91800 JavaThread "XNIO-2 task-20" [_thread_blocked, id=7420, stack(0x0000000034d40000,0x0000000034e40000)]
  0x000000001ac90000 JavaThread "XNIO-2 task-19" [_thread_blocked, id=8740, stack(0x0000000034ae0000,0x0000000034be0000)]
  0x000000001ac8f800 JavaThread "XNIO-2 task-18" [_thread_blocked, id=7276, stack(0x00000000348e0000,0x00000000349e0000)]
  0x000000001ac8e800 JavaThread "XNIO-2 task-17" [_thread_blocked, id=7548, stack(0x0000000034740000,0x0000000034840000)]
  0x000000001ac8e000 JavaThread "XNIO-2 task-16" [_thread_blocked, id=7968, stack(0x0000000034630000,0x0000000034730000)]
  0x000000001ac8d000 JavaThread "XNIO-2 task-15" [_thread_blocked, id=7412, stack(0x0000000034430000,0x0000000034530000)]
  0x000000001ac8c000 JavaThread "XNIO-2 task-14" [_thread_blocked, id=8712, stack(0x0000000033b30000,0x0000000033c30000)]
  0x00000000281e3000 JavaThread "XNIO-2 task-13" [_thread_blocked, id=3360, stack(0x0000000033e30000,0x0000000033f30000)]
  0x00000000281e2000 JavaThread "XNIO-2 task-12" [_thread_blocked, id=8696, stack(0x0000000034250000,0x0000000034350000)]
  0x00000000281e1800 JavaThread "XNIO-2 task-11" [_thread_blocked, id=6828, stack(0x0000000032780000,0x0000000032880000)]
  0x00000000281e0800 JavaThread "XNIO-2 task-10" [_thread_blocked, id=8496, stack(0x00000000245d0000,0x00000000246d0000)]
  0x00000000281e0000 JavaThread "XNIO-2 task-9" [_thread_blocked, id=8736, stack(0x0000000033d00000,0x0000000033e00000)]
  0x000000002174f000 JavaThread "XNIO-2 task-8" [_thread_blocked, id=9016, stack(0x00000000339c0000,0x0000000033ac0000)]
  0x000000002174e800 JavaThread "XNIO-2 task-7" [_thread_blocked, id=8204, stack(0x0000000033710000,0x0000000033810000)]
  0x000000002174d800 JavaThread "XNIO-2 task-6" [_thread_blocked, id=7348, stack(0x0000000033890000,0x0000000033990000)]
  0x000000002174d000 JavaThread "XNIO-2 task-5" [_thread_blocked, id=8852, stack(0x0000000033600000,0x0000000033700000)]
  0x000000002174c000 JavaThread "XNIO-2 task-4" [_thread_blocked, id=7972, stack(0x000000002e520000,0x000000002e620000)]
  0x000000001e5d4800 JavaThread "XNIO-2 task-3" [_thread_blocked, id=7960, stack(0x0000000030010000,0x0000000030110000)]
  0x0000000021eb6000 JavaThread "XNIO-2 task-2" [_thread_blocked, id=7172, stack(0x0000000033060000,0x0000000033160000)]
  0x000000001e5d3800 JavaThread "XNIO-2 task-1" [_thread_blocked, id=7752, stack(0x0000000032990000,0x0000000032a90000)]
  0x000000001e5d5000 JavaThread "DestroyJavaVM" [_thread_blocked, id=6416, stack(0x0000000002890000,0x0000000002990000)]
  0x0000000006e86000 JavaThread "Thread-31" [_thread_blocked, id=3376, stack(0x0000000032880000,0x0000000032980000)]
  0x0000000006e88000 JavaThread "Thread-29" [_thread_in_native, id=7808, stack(0x000000002e860000,0x000000002e960000)]
  0x0000000006e89800 JavaThread "XNIO-2 Accept" [_thread_in_native, id=5472, stack(0x000000002f880000,0x000000002f980000)]
  0x0000000006e8a800 JavaThread "XNIO-2 I/O-4" [_thread_in_native, id=4220, stack(0x000000002dc10000,0x000000002dd10000)]
  0x0000000006e89000 JavaThread "XNIO-2 I/O-3" [_thread_in_native, id=2428, stack(0x000000002cee0000,0x000000002cfe0000)]
  0x0000000006e87800 JavaThread "XNIO-2 I/O-2" [_thread_in_native, id=3880, stack(0x0000000025d90000,0x0000000025e90000)]
  0x0000000006e86800 JavaThread "XNIO-2 I/O-1" [_thread_in_native, id=2876, stack(0x000000002d430000,0x000000002d530000)]
  0x0000000006e85000 JavaThread "pool-3-thread-1" [_thread_blocked, id=8336, stack(0x0000000026e00000,0x0000000026f00000)]
  0x000000001e5d0000 JavaThread "logback-8" daemon [_thread_blocked, id=7948, stack(0x000000002a770000,0x000000002a870000)]
  0x0000000021eb9000 JavaThread "logback-7" daemon [_thread_blocked, id=7152, stack(0x00000000266d0000,0x00000000267d0000)]
  0x0000000021eb7800 JavaThread "SimplePauseDetectorThread_0" daemon [_thread_blocked, id=5736, stack(0x000000001d7e0000,0x000000001d8e0000)]
  0x0000000021eb7000 JavaThread "Thread-12" daemon [_thread_blocked, id=8996, stack(0x00000000265c0000,0x00000000266c0000)]
  0x0000000021eb5800 JavaThread "logback-6" daemon [_thread_blocked, id=8508, stack(0x0000000026270000,0x0000000026370000)]
  0x0000000021eb4800 JavaThread "XNIO-1 Accept" daemon [_thread_in_native, id=8076, stack(0x00000000242c0000,0x00000000243c0000)]
  0x00000000230d2800 JavaThread "XNIO-1 I/O-1" daemon [_thread_in_native, id=7840, stack(0x0000000023f20000,0x0000000024020000)]
  0x0000000021eb4000 JavaThread "logback-5" daemon [_thread_blocked, id=8168, stack(0x0000000025c30000,0x0000000025d30000)]
  0x00000000230d5800 JavaThread "logback-4" daemon [_thread_blocked, id=2776, stack(0x0000000025260000,0x0000000025360000)]
  0x0000000017a70000 JavaThread "HikariPool-1 housekeeper" daemon [_thread_blocked, id=7812, stack(0x00000000188a0000,0x00000000189a0000)]
  0x0000000017a6f800 JavaThread "Abandoned connection cleanup thread" daemon [_thread_blocked, id=6152, stack(0x0000000007440000,0x0000000007540000)]
  0x0000000017a6e000 JavaThread "logback-3" daemon [_thread_blocked, id=4192, stack(0x000000001f1f0000,0x000000001f2f0000)]
  0x0000000017a6c800 JavaThread "GC Daemon" daemon [_thread_blocked, id=7660, stack(0x00000000206f0000,0x00000000207f0000)]
  0x0000000017a6b800 JavaThread "logback-2" daemon [_thread_blocked, id=6188, stack(0x000000001d4a0000,0x000000001d5a0000)]
  0x0000000017a6b000 JavaThread "logback-1" daemon [_thread_blocked, id=9004, stack(0x000000001c890000,0x000000001c990000)]
  0x0000000006888800 JavaThread "Service Thread" daemon [_thread_blocked, id=2016, stack(0x00000000177b0000,0x00000000178b0000)]
  0x0000000006901800 JavaThread "C1 CompilerThread2" daemon [_thread_blocked, id=7640, stack(0x0000000017650000,0x0000000017750000)]
  0x0000000006b12800 JavaThread "C2 CompilerThread1" daemon [_thread_blocked, id=8004, stack(0x00000000174a0000,0x00000000175a0000)]
  0x00000000068ef000 JavaThread "C2 CompilerThread0" daemon [_thread_blocked, id=7260, stack(0x0000000017310000,0x0000000017410000)]
  0x000000000687f800 JavaThread "Thread-3" daemon [_thread_blocked, id=7228, stack(0x0000000017140000,0x0000000017240000)]
  0x00000000067d2800 JavaThread "HotSwap Dispatcher" daemon [_thread_blocked, id=9096, stack(0x00000000077b0000,0x00000000078b0000)]
  0x00000000067d2000 JavaThread "HotSwap Watcher" daemon [_thread_blocked, id=8636, stack(0x00000000054d0000,0x00000000055d0000)]
  0x0000000006850000 JavaThread "Thread-0" daemon [_thread_in_native, id=8332, stack(0x0000000007560000,0x0000000007660000)]
  0x00000000046c7000 JavaThread "JDWP Command Reader" daemon [_thread_in_native, id=7144, stack(0x0000000005730000,0x0000000005830000)]
  0x00000000046c3000 JavaThread "JDWP Event Helper Thread" daemon [_thread_blocked, id=6172, stack(0x00000000055f0000,0x00000000056f0000)]
  0x00000000046b5000 JavaThread "JDWP Transport Listener: dt_socket" daemon [_thread_blocked, id=4648, stack(0x0000000005320000,0x0000000005420000)]
  0x000000000468c800 JavaThread "Attach Listener" daemon [_thread_blocked, id=6492, stack(0x0000000004ea0000,0x0000000004fa0000)]
  0x00000000046a0000 JavaThread "Signal Dispatcher" daemon [_thread_blocked, id=7160, stack(0x0000000004c60000,0x0000000004d60000)]
  0x0000000004643000 JavaThread "Finalizer" daemon [_thread_blocked, id=8488, stack(0x0000000004aa0000,0x0000000004ba0000)]
  0x0000000004601000 JavaThread "Reference Handler" daemon [_thread_blocked, id=7876, stack(0x0000000004960000,0x0000000004a60000)]

Other Threads:
=>0x00000000045f6800 VMThread [stack: 0x00000000047a0000,0x00000000048a0000] [id=7180]
  0x0000000006c3c000 WatcherThread [stack: 0x00000000076b0000,0x00000000077b0000] [id=8128]

VM state:at safepoint (normal execution)

VM Mutex/Monitor currently owned by a thread:  ([mutex/lock_event])
[0x0000000002495e00] Threads_lock - owner thread: 0x00000000045f6800
[0x0000000002496300] Heap_lock - owner thread: 0x000000001edd7800

Heap:
 def new generation   total 235968K, used 52431K [0x00000006c0000000, 0x00000006d0000000, 0x00000006d0000000)
  eden space 209792K,  18% used [0x00000006c0000000, 0x00000006c25b70f0, 0x00000006ccce0000)
  from space 26176K,  52% used [0x00000006ccce0000, 0x00000006cda5cc68, 0x00000006ce670000)
  to   space 26176K,   0% used [0x00000006ce670000, 0x00000006ce670000, 0x00000006d0000000)
 tenured generation   total 3932160K, used 259374K [0x00000006d0000000, 0x00000007c0000000, 0x00000007c0000000)
   the space 3932160K,   6% used [0x00000006d0000000, 0x00000006dfd4bac8, 0x00000006dfd4bc00, 0x00000007c0000000)
 Metaspace       used 255433K, capacity 261917K, committed 262144K, reserved 1284096K
  class space    used 26171K, capacity 27463K, committed 27520K, reserved 1048576K

Card table byte_map: [0x0000000002d50000,0x0000000003560000] byte_map_base: 0xffffffffff750000

Polling page: 0x0000000000220000

CodeCache: size=245760Kb used=39072Kb max_used=64722Kb free=206687Kb
 bounds [0x0000000008120000, 0x000000000c0c0000, 0x0000000017120000]
 total_blobs=9606 nmethods=8608 adapters=917
 compilation: enabled

Compilation events (10 events):
Event: 1531.658 Thread 0x0000000006901800 37558       3       org.apache.commons.collections.map.AbstractMapDecorator::containsKey (11 bytes)
Event: 1531.658 Thread 0x0000000006901800 nmethod 37558 0x0000000008ee2890 code [0x0000000008ee2a00, 0x0000000008ee2c28]
Event: 1531.659 Thread 0x0000000006901800 37559       3       org.apache.commons.collections.map.ListOrderedMap::put (50 bytes)
Event: 1531.659 Thread 0x0000000006901800 nmethod 37559 0x000000000891cf10 code [0x000000000891d0c0, 0x000000000891d778]
Event: 1531.660 Thread 0x0000000006901800 37560       3       net.sf.json.JSONObject::opt (23 bytes)
Event: 1531.661 Thread 0x0000000006901800 nmethod 37560 0x000000000865ced0 code [0x000000000865d080, 0x000000000865d518]
Event: 1538.782 Thread 0x0000000006901800 37563       3       org.hibernate.internal.CoordinatingEntityNameResolver::resolveEntityName (90 bytes)
Event: 1538.783 Thread 0x0000000006901800 nmethod 37563 0x000000000941ae10 code [0x000000000941b020, 0x000000000941bb28]
Event: 1538.816 Thread 0x0000000006901800 37564   !   3       org.springframework.asm.ClassReader::readClass (162 bytes)
Event: 1538.816 Thread 0x0000000006901800 nmethod 37564 0x000000000a226750 code [0x000000000a226980, 0x000000000a2276c8]

GC Heap History (10 events):
Event: 1143.373 GC heap after
Heap after GC invocations=96 (full 0):
 def new generation   total 235968K, used 10130K [0x00000006c0000000, 0x00000006d0000000, 0x00000006d0000000)
  eden space 209792K,   0% used [0x00000006c0000000, 0x00000006c0000000, 0x00000006ccce0000)
  from space 26176K,  38% used [0x00000006ccce0000, 0x00000006cd6c4af8, 0x00000006ce670000)
  to   space 26176K,   0% used [0x00000006ce670000, 0x00000006ce670000, 0x00000006d0000000)
 tenured generation   total 3932160K, used 259374K [0x00000006d0000000, 0x00000007c0000000, 0x00000007c0000000)
   the space 3932160K,   6% used [0x00000006d0000000, 0x00000006dfd4bac8, 0x00000006dfd4bc00, 0x00000007c0000000)
 Metaspace       used 243959K, capacity 250285K, committed 250368K, reserved 1273856K
  class space    used 25127K, capacity 26309K, committed 26368K, reserved 1048576K
}
Event: 1144.627 GC heap before
{Heap before GC invocations=96 (full 0):
 def new generation   total 235968K, used 219922K [0x00000006c0000000, 0x00000006d0000000, 0x00000006d0000000)
  eden space 209792K, 100% used [0x00000006c0000000, 0x00000006ccce0000, 0x00000006ccce0000)
  from space 26176K,  38% used [0x00000006ccce0000, 0x00000006cd6c4af8, 0x00000006ce670000)
  to   space 26176K,   0% used [0x00000006ce670000, 0x00000006ce670000, 0x00000006d0000000)
 tenured generation   total 3932160K, used 259374K [0x00000006d0000000, 0x00000007c0000000, 0x00000007c0000000)
   the space 3932160K,   6% used [0x00000006d0000000, 0x00000006dfd4bac8, 0x00000006dfd4bc00, 0x00000007c0000000)
 Metaspace       used 249780K, capacity 256275K, committed 256512K, reserved 1277952K
  class space    used 25998K, capacity 27286K, committed 27392K, reserved 1048576K
Event: 1144.647 GC heap after
Heap after GC invocations=97 (full 0):
 def new generation   total 235968K, used 11148K [0x00000006c0000000, 0x00000006d0000000, 0x00000006d0000000)
  eden space 209792K,   0% used [0x00000006c0000000, 0x00000006c0000000, 0x00000006ccce0000)
  from space 26176K,  42% used [0x00000006ce670000, 0x00000006cf153358, 0x00000006d0000000)
  to   space 26176K,   0% used [0x00000006ccce0000, 0x00000006ccce0000, 0x00000006ce670000)
 tenured generation   total 3932160K, used 259374K [0x00000006d0000000, 0x00000007c0000000, 0x00000007c0000000)
   the space 3932160K,   6% used [0x00000006d0000000, 0x00000006dfd4bac8, 0x00000006dfd4bc00, 0x00000007c0000000)
 Metaspace       used 249780K, capacity 256275K, committed 256512K, reserved 1277952K
  class space    used 25998K, capacity 27286K, committed 27392K, reserved 1048576K
}
Event: 1250.623 GC heap before
{Heap before GC invocations=97 (full 0):
 def new generation   total 235968K, used 220940K [0x00000006c0000000, 0x00000006d0000000, 0x00000006d0000000)
  eden space 209792K, 100% used [0x00000006c0000000, 0x00000006ccce0000, 0x00000006ccce0000)
  from space 26176K,  42% used [0x00000006ce670000, 0x00000006cf153358, 0x00000006d0000000)
  to   space 26176K,   0% used [0x00000006ccce0000, 0x00000006ccce0000, 0x00000006ce670000)
 tenured generation   total 3932160K, used 259374K [0x00000006d0000000, 0x00000007c0000000, 0x00000007c0000000)
   the space 3932160K,   6% used [0x00000006d0000000, 0x00000006dfd4bac8, 0x00000006dfd4bc00, 0x00000007c0000000)
 Metaspace       used 251768K, capacity 258239K, committed 258560K, reserved 1280000K
  class space    used 26071K, capacity 27356K, committed 27392K, reserved 1048576K
Event: 1250.656 GC heap after
Heap after GC invocations=98 (full 0):
 def new generation   total 235968K, used 11920K [0x00000006c0000000, 0x00000006d0000000, 0x00000006d0000000)
  eden space 209792K,   0% used [0x00000006c0000000, 0x00000006c0000000, 0x00000006ccce0000)
  from space 26176K,  45% used [0x00000006ccce0000, 0x00000006cd884390, 0x00000006ce670000)
  to   space 26176K,   0% used [0x00000006ce670000, 0x00000006ce670000, 0x00000006d0000000)
 tenured generation   total 3932160K, used 259374K [0x00000006d0000000, 0x00000007c0000000, 0x00000007c0000000)
   the space 3932160K,   6% used [0x00000006d0000000, 0x00000006dfd4bac8, 0x00000006dfd4bc00, 0x00000007c0000000)
 Metaspace       used 251768K, capacity 258239K, committed 258560K, reserved 1280000K
  class space    used 26071K, capacity 27356K, committed 27392K, reserved 1048576K
}
Event: 1335.094 GC heap before
{Heap before GC invocations=98 (full 0):
 def new generation   total 235968K, used 221712K [0x00000006c0000000, 0x00000006d0000000, 0x00000006d0000000)
  eden space 209792K, 100% used [0x00000006c0000000, 0x00000006ccce0000, 0x00000006ccce0000)
  from space 26176K,  45% used [0x00000006ccce0000, 0x00000006cd884390, 0x00000006ce670000)
  to   space 26176K,   0% used [0x00000006ce670000, 0x00000006ce670000, 0x00000006d0000000)
 tenured generation   total 3932160K, used 259374K [0x00000006d0000000, 0x00000007c0000000, 0x00000007c0000000)
   the space 3932160K,   6% used [0x00000006d0000000, 0x00000006dfd4bac8, 0x00000006dfd4bc00, 0x00000007c0000000)
 Metaspace       used 253274K, capacity 259825K, committed 260096K, reserved 1282048K
  class space    used 26114K, capacity 27391K, committed 27392K, reserved 1048576K
Event: 1335.116 GC heap after
Heap after GC invocations=99 (full 0):
 def new generation   total 235968K, used 12962K [0x00000006c0000000, 0x00000006d0000000, 0x00000006d0000000)
  eden space 209792K,   0% used [0x00000006c0000000, 0x00000006c0000000, 0x00000006ccce0000)
  from space 26176K,  49% used [0x00000006ce670000, 0x00000006cf3189a8, 0x00000006d0000000)
  to   space 26176K,   0% used [0x00000006ccce0000, 0x00000006ccce0000, 0x00000006ce670000)
 tenured generation   total 3932160K, used 259374K [0x00000006d0000000, 0x00000007c0000000, 0x00000007c0000000)
   the space 3932160K,   6% used [0x00000006d0000000, 0x00000006dfd4bac8, 0x00000006dfd4bc00, 0x00000007c0000000)
 Metaspace       used 253274K, capacity 259825K, committed 260096K, reserved 1282048K
  class space    used 26114K, capacity 27391K, committed 27392K, reserved 1048576K
}
Event: 1463.425 GC heap before
{Heap before GC invocations=99 (full 0):
 def new generation   total 235968K, used 222754K [0x00000006c0000000, 0x00000006d0000000, 0x00000006d0000000)
  eden space 209792K, 100% used [0x00000006c0000000, 0x00000006ccce0000, 0x00000006ccce0000)
  from space 26176K,  49% used [0x00000006ce670000, 0x00000006cf3189a8, 0x00000006d0000000)
  to   space 26176K,   0% used [0x00000006ccce0000, 0x00000006ccce0000, 0x00000006ce670000)
 tenured generation   total 3932160K, used 259374K [0x00000006d0000000, 0x00000007c0000000, 0x00000007c0000000)
   the space 3932160K,   6% used [0x00000006d0000000, 0x00000006dfd4bac8, 0x00000006dfd4bc00, 0x00000007c0000000)
 Metaspace       used 255017K, capacity 261521K, committed 261760K, reserved 1284096K
  class space    used 26161K, capacity 27461K, committed 27520K, reserved 1048576K
Event: 1463.450 GC heap after
Heap after GC invocations=100 (full 0):
 def new generation   total 235968K, used 13811K [0x00000006c0000000, 0x00000006d0000000, 0x00000006d0000000)
  eden space 209792K,   0% used [0x00000006c0000000, 0x00000006c0000000, 0x00000006ccce0000)
  from space 26176K,  52% used [0x00000006ccce0000, 0x00000006cda5cc68, 0x00000006ce670000)
  to   space 26176K,   0% used [0x00000006ce670000, 0x00000006ce670000, 0x00000006d0000000)
 tenured generation   total 3932160K, used 259374K [0x00000006d0000000, 0x00000007c0000000, 0x00000007c0000000)
   the space 3932160K,   6% used [0x00000006d0000000, 0x00000006dfd4bac8, 0x00000006dfd4bc00, 0x00000007c0000000)
 Metaspace       used 255017K, capacity 261521K, committed 261760K, reserved 1284096K
  class space    used 26161K, capacity 27461K, committed 27520K, reserved 1048576K
}
Event: 1538.819 GC heap before
{Heap before GC invocations=100 (full 0):
 def new generation   total 235968K, used 52431K [0x00000006c0000000, 0x00000006d0000000, 0x00000006d0000000)
  eden space 209792K,  18% used [0x00000006c0000000, 0x00000006c25b70f0, 0x00000006ccce0000)
  from space 26176K,  52% used [0x00000006ccce0000, 0x00000006cda5cc68, 0x00000006ce670000)
  to   space 26176K,   0% used [0x00000006ce670000, 0x00000006ce670000, 0x00000006d0000000)
 tenured generation   total 3932160K, used 259374K [0x00000006d0000000, 0x00000007c0000000, 0x00000007c0000000)
   the space 3932160K,   6% used [0x00000006d0000000, 0x00000006dfd4bac8, 0x00000006dfd4bc00, 0x00000007c0000000)
 Metaspace       used 255433K, capacity 261917K, committed 262144K, reserved 1284096K
  class space    used 26171K, capacity 27463K, committed 27520K, reserved 1048576K

Deoptimization events (10 events):
Event: 1460.716 Thread 0x00000000230d4000 Uncommon trap: reason=unstable_if action=reinterpret pc=0x000000000b245878 method=java.util.IdentityHashMap.closeDeletion(I)V @ 37
Event: 1460.726 Thread 0x00000000230d4000 Uncommon trap: reason=range_check action=none pc=0x000000000a3146a4 method=sun.reflect.generics.parser.SignatureParser.current()C @ 34
Event: 1460.827 Thread 0x00000000230d4000 Uncommon trap: reason=range_check action=none pc=0x000000000a3146a4 method=sun.reflect.generics.parser.SignatureParser.current()C @ 34
Event: 1460.875 Thread 0x00000000230d4000 Uncommon trap: reason=range_check action=none pc=0x000000000a3146a4 method=sun.reflect.generics.parser.SignatureParser.current()C @ 34
Event: 1460.973 Thread 0x00000000230d4000 Uncommon trap: reason=range_check action=none pc=0x000000000a3146a4 method=sun.reflect.generics.parser.SignatureParser.current()C @ 34
Event: 1461.851 Thread 0x00000000230d4000 Uncommon trap: reason=range_check action=none pc=0x000000000a3146a4 method=sun.reflect.generics.parser.SignatureParser.current()C @ 34
Event: 1461.951 Thread 0x00000000230d4000 Uncommon trap: reason=range_check action=none pc=0x000000000a3146a4 method=sun.reflect.generics.parser.SignatureParser.current()C @ 34
Event: 1463.322 Thread 0x00000000230d4000 Uncommon trap: reason=range_check action=none pc=0x000000000a3146a4 method=sun.reflect.generics.parser.SignatureParser.current()C @ 34
Event: 1463.491 Thread 0x00000000230d4000 Uncommon trap: reason=range_check action=none pc=0x000000000a3146a4 method=sun.reflect.generics.parser.SignatureParser.current()C @ 34
Event: 1463.702 Thread 0x00000000230d4000 Uncommon trap: reason=range_check action=none pc=0x000000000a3146a4 method=sun.reflect.generics.parser.SignatureParser.current()C @ 34

Internal exceptions (10 events):
Event: 1459.826 Thread 0x00000000230d4000 Exception <a 'java/lang/ArrayIndexOutOfBoundsException': 96> (0x00000006c627a0a0) thrown at [C:\Jenkins\workspace\DCEVM-8u161\jdk\JDK1.8.0_181-x64\k\product\oops\nocompressed\slave\dcevm-win\hotspot\src\share\vm\interpreter\interpreterRuntime.cpp, line 36
Event: 1460.726 Thread 0x00000000230d4000 Exception <a 'java/lang/ArrayIndexOutOfBoundsException': 56> (0x00000006c6fa5f00) thrown at [C:\Jenkins\workspace\DCEVM-8u161\jdk\JDK1.8.0_181-x64\k\product\oops\nocompressed\slave\dcevm-win\hotspot\src\share\vm\interpreter\interpreterRuntime.cpp, line 36
Event: 1460.827 Thread 0x00000000230d4000 Exception <a 'java/lang/ArrayIndexOutOfBoundsException': 96> (0x00000006c7f267e0) thrown at [C:\Jenkins\workspace\DCEVM-8u161\jdk\JDK1.8.0_181-x64\k\product\oops\nocompressed\slave\dcevm-win\hotspot\src\share\vm\interpreter\interpreterRuntime.cpp, line 36
Event: 1460.876 Thread 0x00000000230d4000 Exception <a 'java/lang/ArrayIndexOutOfBoundsException': 56> (0x00000006c807cb38) thrown at [C:\Jenkins\workspace\DCEVM-8u161\jdk\JDK1.8.0_181-x64\k\product\oops\nocompressed\slave\dcevm-win\hotspot\src\share\vm\interpreter\interpreterRuntime.cpp, line 36
Event: 1460.973 Thread 0x00000000230d4000 Exception <a 'java/lang/ArrayIndexOutOfBoundsException': 96> (0x00000006c8ffecf0) thrown at [C:\Jenkins\workspace\DCEVM-8u161\jdk\JDK1.8.0_181-x64\k\product\oops\nocompressed\slave\dcevm-win\hotspot\src\share\vm\interpreter\interpreterRuntime.cpp, line 36
Event: 1461.851 Thread 0x00000000230d4000 Exception <a 'java/lang/ArrayIndexOutOfBoundsException': 56> (0x00000006c9dd3c00) thrown at [C:\Jenkins\workspace\DCEVM-8u161\jdk\JDK1.8.0_181-x64\k\product\oops\nocompressed\slave\dcevm-win\hotspot\src\share\vm\interpreter\interpreterRuntime.cpp, line 36
Event: 1461.951 Thread 0x00000000230d4000 Exception <a 'java/lang/ArrayIndexOutOfBoundsException': 96> (0x00000006cad69cb0) thrown at [C:\Jenkins\workspace\DCEVM-8u161\jdk\JDK1.8.0_181-x64\k\product\oops\nocompressed\slave\dcevm-win\hotspot\src\share\vm\interpreter\interpreterRuntime.cpp, line 36
Event: 1463.322 Thread 0x00000000230d4000 Exception <a 'java/lang/ArrayIndexOutOfBoundsException': 56> (0x00000006cbdc22d8) thrown at [C:\Jenkins\workspace\DCEVM-8u161\jdk\JDK1.8.0_181-x64\k\product\oops\nocompressed\slave\dcevm-win\hotspot\src\share\vm\interpreter\interpreterRuntime.cpp, line 36
Event: 1463.491 Thread 0x00000000230d4000 Exception <a 'java/lang/ArrayIndexOutOfBoundsException': 96> (0x00000006c00d98a0) thrown at [C:\Jenkins\workspace\DCEVM-8u161\jdk\JDK1.8.0_181-x64\k\product\oops\nocompressed\slave\dcevm-win\hotspot\src\share\vm\interpreter\interpreterRuntime.cpp, line 36
Event: 1463.702 Thread 0x00000000230d4000 Exception <a 'java/lang/ArrayIndexOutOfBoundsException': 96> (0x00000006c19c6278) thrown at [C:\Jenkins\workspace\DCEVM-8u161\jdk\JDK1.8.0_181-x64\k\product\oops\nocompressed\slave\dcevm-win\hotspot\src\share\vm\interpreter\interpreterRuntime.cpp, line 36

Events (10 events):
Event: 1537.222 Executing VM operation: GetOrSetLocal done
Event: 1538.765 Thread 0x00000000230d7000 Thread added: 0x00000000230d7000
Event: 1538.773 Thread 0x00000000230d7000 Thread exited: 0x00000000230d7000
Event: 1538.818 Thread 0x000000001edd7800 DEOPT PACKING pc=0x0000000008441677 sp=0x00000000393fcd40
Event: 1538.818 Thread 0x000000001edd7800 DEOPT UNPACKING pc=0x00000000081675bf sp=0x00000000393fca90 mode 1
Event: 1538.818 Thread 0x000000001edd7800 DEOPT PACKING pc=0x0000000008f3e6c0 sp=0x00000000393fcde0
Event: 1538.818 Thread 0x000000001edd7800 DEOPT UNPACKING pc=0x00000000081675bf sp=0x00000000393fcc18 mode 1
Event: 1538.818 Thread 0x000000001edd7800 DEOPT PACKING pc=0x00000000084526dc sp=0x00000000393fd020
Event: 1538.818 Thread 0x000000001edd7800 DEOPT UNPACKING pc=0x00000000081675bf sp=0x00000000393fcd40 mode 1
Event: 1538.819 Executing VM operation: CollectForMetadataAllocation


Dynamic libraries:
0x000000013fcd0000 - 0x000000013fd07000 	C:\Program Files\Java\jdk1.8.0_181\bin\javaw.exe
0x00000000770f0000 - 0x000000007729a000 	C:\Windows\SYSTEM32\ntdll.dll
0x0000000076fd0000 - 0x00000000770ef000 	C:\Windows\system32\kernel32.dll
0x000007fefcf90000 - 0x000007fefcffa000 	C:\Windows\system32\KERNELBASE.dll
0x000007fefd4c0000 - 0x000007fefd59b000 	C:\Windows\system32\ADVAPI32.dll
0x000007fefda40000 - 0x000007fefdadf000 	C:\Windows\system32\msvcrt.dll
0x000007fefde20000 - 0x000007fefde3f000 	C:\Windows\SYSTEM32\sechost.dll
0x000007fefdc70000 - 0x000007fefdd9d000 	C:\Windows\system32\RPCRT4.dll
0x0000000076ed0000 - 0x0000000076fca000 	C:\Windows\system32\USER32.dll
0x000007fefd780000 - 0x000007fefd7e7000 	C:\Windows\system32\GDI32.dll
0x000007fefe160000 - 0x000007fefe16e000 	C:\Windows\system32\LPK.dll
0x000007feff330000 - 0x000007feff3fb000 	C:\Windows\system32\USP10.dll
0x000007fefb750000 - 0x000007fefb944000 	C:\Windows\WinSxS\amd64_microsoft.windows.common-controls_6595b64144ccf1df_6.0.7601.18837_none_fa3b1e3d17594757\COMCTL32.dll
0x000007fefdda0000 - 0x000007fefde11000 	C:\Windows\system32\SHLWAPI.dll
0x000007fefd490000 - 0x000007fefd4be000 	C:\Windows\system32\IMM32.DLL
0x000007fefd930000 - 0x000007fefda39000 	C:\Windows\system32\MSCTF.dll
0x0000000056a40000 - 0x0000000056b12000 	C:\Program Files\Java\jdk1.8.0_181\jre\bin\msvcr100.dll
0x00000000078c0000 - 0x0000000008111000 	C:\Program Files\Java\jdk1.8.0_181\jre\bin\dcevm\jvm.dll
0x000007fef82c0000 - 0x000007fef82c9000 	C:\Windows\system32\WSOCK32.dll
0x000007fefde40000 - 0x000007fefde8d000 	C:\Windows\system32\WS2_32.dll
0x000007fefd400000 - 0x000007fefd408000 	C:\Windows\system32\NSI.dll
0x000007fef0030000 - 0x000007fef006b000 	C:\Windows\system32\WINMM.dll
0x000007fefbe50000 - 0x000007fefbe5c000 	C:\Windows\system32\VERSION.dll
0x00000000772b0000 - 0x00000000772b7000 	C:\Windows\system32\PSAPI.DLL
0x00000000731f0000 - 0x00000000731ff000 	C:\Program Files\Java\jdk1.8.0_181\jre\bin\verify.dll
0x00000000731c0000 - 0x00000000731e9000 	C:\Program Files\Java\jdk1.8.0_181\jre\bin\java.dll
0x000000006ce70000 - 0x000000006cea5000 	C:\Program Files\Java\jdk1.8.0_181\jre\bin\jdwp.dll
0x000000006d000000 - 0x000000006d008000 	C:\Program Files\Java\jdk1.8.0_181\jre\bin\npt.dll
0x000000006cfd0000 - 0x000000006cff3000 	C:\Program Files\Java\jdk1.8.0_181\jre\bin\instrument.dll
0x00000000731a0000 - 0x00000000731b6000 	C:\Program Files\Java\jdk1.8.0_181\jre\bin\zip.dll
0x000007fefe250000 - 0x000007fefefda000 	C:\Windows\system32\SHELL32.dll
0x000007fefd200000 - 0x000007fefd3fc000 	C:\Windows\system32\ole32.dll
0x000007fefcdf0000 - 0x000007fefcdff000 	C:\Windows\system32\profapi.dll
0x000000006cfc0000 - 0x000000006cfc9000 	C:\Program Files\Java\jdk1.8.0_181\jre\bin\dt_socket.dll
0x000007fefa840000 - 0x000007fefa855000 	C:\Windows\system32\NLAapi.dll
0x000007fee2a10000 - 0x000007fee2a25000 	C:\Windows\system32\napinsp.dll
0x000007fee2980000 - 0x000007fee2999000 	C:\Windows\system32\pnrpnsp.dll
0x000007fefc5b0000 - 0x000007fefc605000 	C:\Windows\System32\mswsock.dll
0x000007fefc430000 - 0x000007fefc48b000 	C:\Windows\system32\DNSAPI.dll
0x000007fee2970000 - 0x000007fee297b000 	C:\Windows\System32\winrnr.dll
0x000007fee2960000 - 0x000007fee2970000 	C:\Windows\system32\wshbth.dll
0x000007fefae20000 - 0x000007fefae47000 	C:\Windows\system32\IPHLPAPI.DLL
0x000007fefae10000 - 0x000007fefae1b000 	C:\Windows\system32\WINNSI.DLL
0x000007fefa420000 - 0x000007fefa473000 	C:\Windows\System32\fwpuclnt.dll
0x000007feebf70000 - 0x000007feebf78000 	C:\Windows\system32\rasadhlp.dll
0x000007fefbf20000 - 0x000007fefbf27000 	C:\Windows\System32\wshtcpip.dll
0x0000000073180000 - 0x000000007319a000 	C:\Program Files\Java\jdk1.8.0_181\jre\bin\net.dll
0x000007fefc5a0000 - 0x000007fefc5a7000 	C:\Windows\System32\wship6.dll
0x0000000073160000 - 0x0000000073171000 	C:\Program Files\Java\jdk1.8.0_181\jre\bin\nio.dll
0x000007fefc610000 - 0x000007fefc628000 	C:\Windows\system32\CRYPTSP.dll
0x000007fefc310000 - 0x000007fefc357000 	C:\Windows\system32\rsaenh.dll
0x000007fefce60000 - 0x000007fefce7e000 	C:\Windows\system32\USERENV.dll
0x000007fefcc80000 - 0x000007fefcc8f000 	C:\Windows\system32\CRYPTBASE.dll
0x000007fefa3a0000 - 0x000007fefa3b8000 	C:\Windows\system32\dhcpcsvc.DLL
0x000007fefa380000 - 0x000007fefa391000 	C:\Windows\system32\dhcpcsvc6.DLL
0x0000000051680000 - 0x000000005168d000 	C:\Program Files\Java\jdk1.8.0_181\jre\bin\management.dll
0x0000000073130000 - 0x0000000073154000 	C:\Program Files\Java\jdk1.8.0_181\jre\bin\sunec.dll
0x0000000073120000 - 0x000000007312b000 	C:\Program Files\Java\jdk1.8.0_181\jre\bin\sunmscapi.dll
0x000007fefd020000 - 0x000007fefd18d000 	C:\Windows\system32\CRYPT32.dll
0x000007fefcde0000 - 0x000007fefcdef000 	C:\Windows\system32\MSASN1.dll
0x000007feddc20000 - 0x000007feddd45000 	C:\Windows\system32\dbghelp.dll

VM Arguments:
jvm_args: -agentlib:jdwp=transport=dt_socket,suspend=y,address=localhost:13099 -javaagent:D:\program\hotswap-agent.jar -Xloggc:D:\gc.log -XX:+PrintGCTimeStamps -XX:+PrintGCDetails -XX:+PrintGC -Xmx4096m -Xms4096m -Xmn256m -XX:MetaspaceSize=256m -XX:MaxMetaspaceSize=512m -XX:+HeapDumpBeforeFullGC -XX:+HeapDumpAfterFullGC -XX:+DisableExplicitGC -XX:ParallelGCThreads=8 -XX:ConcGCThreads=2 -javaagent:D:\program\eclipse\configuration\org.eclipse.osgi\413\0\.cp\lib\javaagent-shaded.jar -Dfile.encoding=UTF-8 
java_command: gbicc.irs.app.Application
java_class_path (initial): D:\gbicc\workspace\irbs1\gbicc.irs.app\bin\main;D:\gbicc\workspace\irbs1\gbicc.irs.app\bin\test;D:\gbicc\workspace\irbs1\gbicc.irs.app\bin\generated;D:\gbicc\workspace\irbs1\gbicc.irs.rti\bin\main;D:\gbicc\workspace\irbs1\gbicc.irs.rti\bin\generated;D:\gbicc\workspace\irbs1\gbicc.irs.assetsRating\bin\main;D:\gbicc\workspace\irbs1\gbicc.irs.assetsRating\bin\generated;D:\gbicc\workspace\irbs1\gbicc.irs.ec.rating\bin\main;D:\gbicc\workspace\irbs1\gbicc.irs.ec.rating\bin\generated;D:\gbicc\workspace\irbs1\gbicc.irs.risk.exposure\bin\main;D:\gbicc\workspace\irbs1\gbicc.irs.risk.exposure\bin\generated;D:\gbicc\workspace\irbs1\gbicc.irs.customer\bin\main;D:\gbicc\workspace\irbs1\gbicc.irs.customer\bin\generated;C:\Users\admin\.gradle\caches\modules-2\files-2.1\org.codehaus.mojo\animal-sniffer-annotations\1.14\775b7e22fb10026eed3f86e8dc556dfafe35f2d5\animal-sniffer-annotations-1.14.jar;C:\Users\admin\.gradle\caches\modules-2\files-2.1\antlr\antlr\2.7.7\83cd2cd674a217ade95a4bb83a8a14f351f48bd0\antlr-2.7.7.jar;C:\Users\admin\.gradle\caches\modules-2\files-2.1\org.aspectj\aspectjweaver\1.8.13\ad94df2a28d658a40dc27bbaff6a1ce5fbf04e9b\aspectjweaver-1.8.13.jar;C:\Users\admin\.gradle\caches\modules-2\files-2.1\org.attoparser\attoparser\2.0.4.RELEASE\5cf02c4d8303a81f0c80971bb1dcd40d3ba96009\attoparser-2.0.4.RELEASE.jar;C:\Users\admin\.gradle\caches\modules-2\files-2.1\com.infradna.tool\bridge-method-annotation\1.13\18cdce50cde6f54ee5390d0907384f72183ff0fe\bridge-method-annotation-1.13.jar;C:\Users\admin\.gradle\caches\modules-2\files-2.1\net.bytebuddy\byte-buddy\1.7.11\f02857a4e2c66ccbe7aaad6100a0a6c461bce9b3\byte-buddy-1.7.11.jar;C:\Users\admin\.gradle\caches\modules-2\files-2.1\org.checkerframework\checker-qual\2.5.2\cea74543d5904a30861a61b4643a5f2bb372efc4\checker-qual-2.5.2.jar;C:\Users\admin\.gradle\caches\modules-2\files-2.1\com.fasterxml\classmate\1.3.4\3d5f48f10bbe4eb7bd862f10c0583be2e0053c6\classmate-1.3.4.jar;C:\Users\admin\.gradle\caches\modu
Launcher Type: SUN_STANDARD

Environment Variables:
JAVA_HOME=C:\Program Files\Java\jdk1.8.0_181
PATH=C:\Program Files\Java\jdk1.8.0_181\jre\bin;C:/Program Files/Java/jdk1.8.0_181/bin/../jre/bin/server;C:/Program Files/Java/jdk1.8.0_181/bin/../jre/bin;C:/Program Files/Java/jdk1.8.0_181/bin/../jre/lib/amd64;C:\Program Files (x86)\Common Files\Oracle\Java\javapath;C:\Windows\system32;C:\Windows;C:\Windows\System32\Wbem;C:\Windows\System32\WindowsPowerShell\v1.0\;C:\Program Files\Lenovo\Fingerprint Manager Pro\;C:\Program Files\Intel\WiFi\bin\;C:\Program Files\Common Files\Intel\WirelessCommon\;C:\Program Files\Java\jdk1.8.0_181\bin;C:\Program Files\TortoiseSVN\bin;D:\program\gradle-4.8.1\bin;C:\Program Files (x86)\ZeroTier\One\;D:\program\gradle-4.8.1\bin;D:\program\jmeter\bin;C:\Program Files\Git\cmd;C:\Program Files\TortoiseGit\bin;C:\Program Files\Intel\WiFi\bin\;C:\Program Files\Common Files\Intel\WirelessCommon\;C:\Program Files (x86)\Nmap;C:\Users\admin\AppData\Local\Programs\Fiddler;D:\program\eclipse;
USERNAME=admin
OS=Windows_NT
PROCESSOR_IDENTIFIER=Intel64 Family 6 Model 60 Stepping 3, GenuineIntel



---------------  S Y S T E M  ---------------

OS: Windows 7 , 64 bit Build 7601 (6.1.7601.23915)

CPU:total 4 (initial active 4) (2 cores per cpu, 2 threads per core) family 6 model 60 stepping 3, cmov, cx8, fxsr, mmx, sse, sse2, sse3, ssse3, sse4.1, sse4.2, popcnt, avx, avx2, aes, clmul, erms, lzcnt, ht, tsc, tscinvbit, bmi1, bmi2

Memory: 4k page, physical 16457484k(8722340k free), swap 32913108k(20622868k free)

vm_info: Dynamic Code Evolution 64-Bit Server VM (25.71-b01-dcevmlight-26) for windows-amd64 JRE (1.8.0), built on Jul 31 2018 12:14:42 by "" with MS VC++ 10.0 (VS2010)

time: Mon Feb 01 15:12:26 2021
elapsed time: 1538 seconds (0d 0h 25m 38s)

